<?xml version="1.0" encoding="UTF-8"?>
<!-- Generated by org.testng.reporters.JUnitReportReporter -->
<testsuite hostname="DESKTOP-5EI2T52" failures="0" tests="1" name="com.myntra.ValidateloginofEquitasbank" time="3.638" errors="0" timestamp="2024-09-19T12:25:43 IST" skipped="0">
  <testcase classname="com.myntra.ValidateloginofEquitasbank" name="validatewithInvalidcredential" time="3.638"/>
</testsuite> <!-- com.myntra.ValidateloginofEquitasbank -->
