<?xml version="1.0" encoding="UTF-8"?>
<!-- Generated by org.testng.reporters.JUnitReportReporter -->
<testsuite hostname="DESKTOP-5EI2T52" failures="0" tests="1" name="com.myntra.Addtocart" time="48.974" errors="0" timestamp="2024-06-03T01:29:38 IST" skipped="0">
  <testcase classname="com.myntra.Addtocart" name="addproductincart" time="48.974"/>
</testsuite> <!-- com.myntra.Addtocart -->
