<?xml version="1.0" encoding="UTF-8"?>
<!-- Generated by org.testng.reporters.JUnitReportReporter -->
<testsuite hostname="DESKTOP-5EI2T52" failures="0" tests="1" name="com.myntra.Testingone" time="25.600" errors="0" timestamp="2024-12-16T14:40:55 IST" skipped="0">
  <testcase classname="com.myntra.Testingone" name="login" time="25.600"/>
</testsuite> <!-- com.myntra.Testingone -->
